<?xml version="1.0" encoding="UTF-8"?>
<testsuite xmlns:xsi="http://www.w3.org/2001/XMLSchema-instance" xsi:noNamespaceSchemaLocation="https://maven.apache.org/surefire/maven-surefire-plugin/xsd/surefire-test-report.xsd" name="com.mtross.supersightings.dao.OrganizationDaoDBTest" time="0.681" tests="5" errors="0" skipped="0" failures="0">
  <properties>
[...]
</properties>
  <testcase name="testDeleteOrganization" classname="com.mtross.supersightings.dao.OrganizationDaoDBTest" time="0.149"/>
  <testcase name="testGetAllOrganizations" classname="com.mtross.supersightings.dao.OrganizationDaoDBTest" time="0.194"/>
  <testcase name="testUpdateOrganization" classname="com.mtross.supersightings.dao.OrganizationDaoDBTest" time="0.094"/>
  <testcase name="testAddAndGetOrganization" classname="com.mtross.supersightings.dao.OrganizationDaoDBTest" time="0.123"/>
  <testcase name="testGetOrganizationsForSuper" classname="com.mtross.supersightings.dao.OrganizationDaoDBTest" time="0.111"/>
</testsuite>